1726579165961	geckodriver	INFO	Listening on 127.0.0.1:58752
1726579169023	mozrunner::runner	INFO	Running command: "C:\\Users\\YangG\\.cache\\selenium\\firefox\\win64\\130.0.1\\firefox.exe" "--marionette" "--remote-debuggin ... 3" "--remote-allow-hosts" "localhost" "-no-remote" "-profile" "C:\\Users\\YangG\\AppData\\Local\\Temp\\rust_mozprofilejvfP1r"
console.warn: services.settings: Ignoring preference override of remote settings server
console.warn: services.settings: Allow by setting MOZ_REMOTE_SETTINGS_DEVTOOLS=1 in the environment
Dynamically enable window occlusion 0
1726579169424	Marionette	INFO	Marionette enabled
1726579169735	Marionette	INFO	Listening on port 58774
Read port: 58774
WebDriver BiDi listening on ws://127.0.0.1:58753
1726579169776	RemoteAgent	WARN	TLS certificate errors will be ignored for this session
1726579173436	Marionette	WARN	TimedPromise timed out after 500 ms: stacktrace:
TimedPromise/<@chrome://remote/content/marionette/sync.sys.mjs:219:24
TimedPromise@chrome://remote/content/marionette/sync.sys.mjs:203:10
interaction.flushEventLoop@chrome://remote/content/marionette/interaction.sys.mjs:467:10
webdriverClickElement@chrome://remote/content/marionette/interaction.sys.mjs:220:33
1726579174320	Marionette	WARN	Ignoring event 'pageshow' because document has an invalid readyState of 'uninitialized'.
1726579175461	Marionette	WARN	TimedPromise timed out after 500 ms: stacktrace:
TimedPromise/<@chrome://remote/content/marionette/sync.sys.mjs:219:24
TimedPromise@chrome://remote/content/marionette/sync.sys.mjs:203:10
interaction.flushEventLoop@chrome://remote/content/marionette/interaction.sys.mjs:467:10
webdriverClickElement@chrome://remote/content/marionette/interaction.sys.mjs:220:33
1726579175825	Marionette	WARN	Ignoring event 'pageshow' because document has an invalid readyState of 'uninitialized'.
1726579180872	Marionette	WARN	Ignoring event 'pageshow' because document has an invalid readyState of 'uninitialized'.
1726579181758	Marionette	INFO	Stopped listening on port 58774
Dynamically enable window occlusion 1
