1726579188994	geckodriver	INFO	Listening on 127.0.0.1:58840
1726579192048	mozrunner::runner	INFO	Running command: "C:\\Users\\YangG\\.cache\\selenium\\firefox\\win64\\130.0.1\\firefox.exe" "--marionette" "--remote-debuggin ... 1" "--remote-allow-hosts" "localhost" "-no-remote" "-profile" "C:\\Users\\YangG\\AppData\\Local\\Temp\\rust_mozprofileli9JiX"
console.warn: services.settings: Ignoring preference override of remote settings server
console.warn: services.settings: Allow by setting MOZ_REMOTE_SETTINGS_DEVTOOLS=1 in the environment
Dynamically enable window occlusion 0
1726579192228	Marionette	INFO	Marionette enabled
1726579192359	Marionette	INFO	Listening on port 58850
WebDriver BiDi listening on ws://127.0.0.1:58841
Read port: 58850
1726579192534	RemoteAgent	WARN	TLS certificate errors will be ignored for this session
1726579195159	Marionette	WARN	TimedPromise timed out after 500 ms: stacktrace:
TimedPromise/<@chrome://remote/content/marionette/sync.sys.mjs:219:24
TimedPromise@chrome://remote/content/marionette/sync.sys.mjs:203:10
interaction.flushEventLoop@chrome://remote/content/marionette/interaction.sys.mjs:467:10
webdriverClickElement@chrome://remote/content/marionette/interaction.sys.mjs:220:33
1726579196404	Marionette	WARN	Ignoring event 'pageshow' because document has an invalid readyState of 'uninitialized'.
1726579196919	Marionette	WARN	TimedPromise timed out after 500 ms: stacktrace:
TimedPromise/<@chrome://remote/content/marionette/sync.sys.mjs:219:24
TimedPromise@chrome://remote/content/marionette/sync.sys.mjs:203:10
interaction.flushEventLoop@chrome://remote/content/marionette/interaction.sys.mjs:467:10
webdriverClickElement@chrome://remote/content/marionette/interaction.sys.mjs:220:33
1726579198129	Marionette	WARN	Ignoring event 'pageshow' because document has an invalid readyState of 'uninitialized'.
1726579203180	Marionette	WARN	Ignoring event 'pageshow' because document has an invalid readyState of 'uninitialized'.
1726579203224	Marionette	INFO	Stopped listening on port 58850
Dynamically enable window occlusion 1
